0 silly argv {
0 silly argv   _: [ 'version' ],
0 silly argv   'conventional-commits': true,
0 silly argv   conventionalCommits: true,
0 silly argv   exact: true,
0 silly argv   yes: true,
0 silly argv   y: true,
0 silly argv   lernaVersion: '6.6.2',
0 silly argv   '$0': '/Users/iv0706/code/nucleus/node_modules/.bin/lerna'
0 silly argv }
1 notice cli v6.6.2
2 verbose rootPath /Users/iv0706/code/nucleus
3 info versioning independent
4 silly isAnythingCommitted
5 verbose isAnythingCommitted 1
6 silly getCurrentBranch
7 verbose currentBranch main
8 silly remoteBranchExists
9 silly isBehindUpstream
10 error Error: Command failed with exit code 1: git remote update
10 error remote: Repository not found.
10 error fatal: repository 'https://github.com/The-Code-Monkey/mjc-ponds-admin.git/' not found
10 error error: could not fetch private
10 error Fetching origin
10 error Fetching private
10 error     at makeError (/Users/iv0706/code/nucleus/node_modules/@lerna/child-process/node_modules/execa/lib/error.js:60:11)
10 error     at Function.module.exports.sync (/Users/iv0706/code/nucleus/node_modules/@lerna/child-process/node_modules/execa/index.js:194:17)
10 error     at Object.execSync (/Users/iv0706/code/nucleus/node_modules/@lerna/child-process/index.js:39:16)
10 error     at updateRemote (/Users/iv0706/code/nucleus/node_modules/lerna/dist/cli.js:5910:22)
10 error     at isBehindUpstream (/Users/iv0706/code/nucleus/node_modules/lerna/dist/cli.js:5900:7)
10 error     at VersionCommand.initialize (/Users/iv0706/code/nucleus/node_modules/lerna/dist/cli.js:6235:57)
